fprint_Controls ...
5 4 1 1 2 0 4 0 6

fprintDeltas ...
   1   0.0000   0.0000   0.0000
   2  -0.0191  -0.0003  -0.0046
   3  -0.0086  -0.0543   0.0004
   4   0.0020  -0.0002   0.0062
   5   0.0000   0.0000   0.0000

fprintEndForces ...
       0    4.336        1         10.2992         -7.6079        -13.2793        2         10.2992         -5.3922         14.9048
       1    6.017        2          7.3073          9.0417         14.9048        3          7.3073         -1.9631         -6.3904
       2    6.017        3          7.5003          0.9984         -6.3904        4          7.5003         -6.9198         11.4236
       3    4.336        4          8.2563          5.9975         11.4236        5          8.2563          0.8333         -3.3857

fprintReactions ...
        -7.6079       -10.2992        13.2793
         0.8333        -8.2563        -3.3857
fprint_Reaction_Sum ...
        -6.7745        -18.5555


fprint_Section_Details ...
       0   20.706 <>   C25019

fprintSpanMoments ...
       0        0    0.000         13.2793
       0        1    0.434         10.0285
       0        2    0.867          6.8739
       0        3    1.301          3.8153
       0        4    1.734          0.8528
       0        5    2.168         -2.0137
       0        6    2.602         -4.7841
       0        7    3.035         -7.4584
       0        8    3.469        -10.0366
       0        9    3.902        -12.5188
       0       10    4.336        -14.9048

       1        0    0.000        -14.9048
       1        1    0.602         -9.7957
       1        2    1.203         -5.3487
       1        3    1.805         -1.5638
       1        4    2.407          1.5590
       1        5    3.008          4.0196
       1        6    3.610          5.8180
       1        7    4.212          6.9543
       1        8    4.813          7.4285
       1        9    5.415          7.2405
       1       10    6.017          6.3904

       2        0    0.000          6.3904
       2        1    0.602          6.7529
       2        2    1.203          6.6390
       2        3    1.805          6.0486
       2        4    2.407          4.9819
       2        5    3.008          3.4387
       2        6    3.610          1.4191
       2        7    4.212         -1.0770
       2        8    4.813         -4.0494
       2        9    5.415         -7.4983
       2       10    6.017        -11.4236

       3        0    0.000        -11.4236
       3        1    0.434         -8.9351
       3        2    0.867         -6.6704
       3        3    1.301         -4.6297
       3        4    1.734         -2.8129
       3        5    2.168         -1.2200
       3        6    2.602          0.1490
       3        7    3.035          1.2940
       3        8    3.469          2.2152
       3        9    3.902          2.9124
       3       10    4.336          3.3857


