fprint_Controls ...
5 4 1 1 2 0 4 0 6

fprintDeltas ...
   1   0.0000   0.0000   0.0000
   2  -0.0191  -0.0003  -0.0046
   3  -0.0086  -0.0543   0.0004
   4   0.0020  -0.0002   0.0062
   5   0.0000   0.0000   0.0000

fprintEndForces ...
       0    4.336        1         10.2992         -7.6079        -13.2793        2         10.2992         -5.3922         14.9048
       1    6.017        2          7.3073          9.0417         14.9048        3          7.3073         -1.9631         -6.3904
       2    6.017        3          7.5003          0.9984         -6.3904        4          7.5003         -6.9198         11.4236
       3    4.336        4          8.2563          5.9975         11.4236        5          8.2563          0.8333         -3.3857

fprintReactions ...
        -7.6079       -10.2992        13.2793
         0.8333        -8.2563        -3.3857
fprint_Reaction_Sum ...
        -6.7745        -18.5555

fprint_Section_Details ...
       0       21 <>   C25019

fprintSpanMoments ...
       0        0        0         13.2793
       0        1    0.619          8.6648
       0        2    1.239          4.2463
       0        3    1.858          0.0240
       0        4    2.478         -4.0023
       0        5    3.097         -7.8326
       0        6    3.717        -11.4667
       0        7    4.336        -14.9048

       1        0        0        -14.9048
       1        1     0.86         -7.8087
       1        2    1.719         -2.0639
       1        3    2.579          2.3296
       1        4    3.438          5.3717
       1        5    4.298          7.0626
       1        6    5.157          7.4022
       1        7    6.017          6.3904

       2        0        0          6.3904
       2        1     0.86          6.7624
       2        2    1.719          6.1622
       2        3    2.579          4.5896
       2        4    3.438          2.0447
       2        5    4.298         -1.4724
       2        6    5.157         -5.9619
       2        7    6.017        -11.4236

       3        0        0        -11.4236
       3        1    0.619         -7.9371
       3        2    1.239         -4.9075
       3        3    1.858         -2.3349
       3        4    2.478         -0.2193
       3        5    3.097          1.4393
       3        6    3.717          2.6410
       3        7    4.336          3.3857


