
          -------------------------------------------------------------------------
          >>> FRAMEwork <<< (Version 5.1 Mar 96)
          -------------------------------------------------------------------------
          Author : SCH                                        Job No.:         9003
          Job    : Sample: SAMPLE03.dat                      
          Load   : DL + WL1                                   PAGE   :            1
          -------------------------------------------------------------------------

          Applied Member Loads
          -------------------------------------------------------------------------
              Memb    Type  Action        Load       start       Cover
                 7       1       0      -0.511
                 9       1       0      -1.829
                 5       1       0       0.511
                 2       1       0       1.829
                 3       1       0       1.316
                 6       1       0       1.191
                10       1       0       1.316
                 8       1       0      -1.191

          Joint displacements {.. Global Co-ords ..}
          -------------------------------------------------------------------------
              Node       X         Y        Rot 
                         [m]       [m]    [rads]
                 1    0.0000    0.0000   0.00000
                 2    0.0082    0.0002   0.00327
                 3    0.0011    0.0378  -0.00101
                 4   -0.0060    0.0002  -0.00234
                 5    0.0000    0.0000   0.00000
                 6    0.0078    0.0002  -0.00201
                 7   -0.0053    0.0001   0.00162
                 8    0.0000    0.0000   0.00000
                 9    0.0076    0.0001  -0.00168
                10    0.0000    0.0000   0.00000
                11   -0.0052    0.0001   0.00124

          Member Forces       {.. Local Co-ords ..} 
          -------------------------------------------------------------------------
              Memb    Node       Shear       Axial      Moment
                                  [kN]        [kN]       [kNm]
                 1       1      -3.210       8.145      -5.831
                         6      -3.210       8.145       3.798
                 2       2       8.127      11.071      12.336
                         3      -2.878      11.071      -3.457
                 3       3       1.602      11.326      -3.457
                         4      -6.316      11.326      10.727
                 4       5       1.926       6.524       3.707
                         7       1.926       6.524      -2.071
                 5       2      -9.262      10.141     -12.336
                         6      -9.945      10.141       0.494
                 6       4       9.867       8.415      10.727
                         7       8.276       8.415      -1.393
                 7       8      -7.098       7.483      -9.362
                         9      -5.821       7.483       6.787
                 8      10       2.715       5.839       5.389
                        11       5.692       5.839      -5.120
                 9       6       0.862       6.972       4.293
                         9       6.424       6.972      -6.787
                10       7      -0.821       6.575      -3.464
                        11      -4.824       6.575       5.120
          -------------------------------------------------------------------------


          -------------------------------------------------------------------------
          >>> FRAMEwork <<< (Version 5.1 Mar 96)
          -------------------------------------------------------------------------
          Author : SCH                                        Job No.:         9003
          Job    : Sample: SAMPLE03.dat                      
          Load   : DL + WL1                                   PAGE   :            2
          -------------------------------------------------------------------------

          Support Reactions   {.. Global Co-ords ..}
          -------------------------------------------------------------------------
              Node         X           Y           M  
                          [kN]        [kN]       [kNm]
                 1      -3.210      -8.145       5.831
                 5       1.926      -6.524      -3.707
                 8      -7.098      -7.483       9.362
                10       2.715      -5.839      -5.389
          -------------------------------------------------------------------------
               SUM      -5.667     -27.991    (All nodes)

          Member Maximum/Minimum End Forces
          -------------------------------------------------------------------------
                      Maximum End Forces            Minimum End Forces
                      Memb    Node       Force      Memb    Node       Force
             Axial       3       3      11.326       8        10       5.839
             Shear       6       4       9.867       5         6      -9.945
            Moment       2       2      12.336       5         2     -12.336
          -------------------------------------------------------------------------


          -------------------------------------------------------------------------
          >>> FRAMEwork <<< (Version 5.1 Mar 96)
          -------------------------------------------------------------------------
          Author : SCH                                        Job No.:         9003
          Job    : Sample: SAMPLE03.dat                      
          Load   : DL + WL1                                   PAGE   :            3
          -------------------------------------------------------------------------

          Span Moments
          -------------------------------------------------------------------------
            Member   segment   station    Moment
                                   [m]     [kNm]
                 1
                           0    0.0000      5.83
                           1    0.4286      4.46
                           2    0.8571      3.08
                           3    1.2857      1.70
                           4    1.7143      0.33
                           5    2.1429     -1.05
                           6    2.5714     -2.42
                           7    3.0000     -3.80
                 2
                           0    0.0000    -12.34
                           1    0.8595     -6.03
                           2    1.7191     -1.07
                           3    2.5786      2.54
                           4    3.4382      4.80
                           5    4.2977      5.70
                           6    5.1573      5.25
                           7    6.0168      3.46
                 3
                           0    0.0000      3.46
                           1    0.8595      4.35
                           2    1.7191      4.27
                           3    2.5786      3.21
                           4    3.4382      1.19
                           5    4.2977     -1.81
                           6    5.1573     -5.78
                           7    6.0168    -10.73
                 4
                           0    0.0000     -3.71
                           1    0.4286     -2.88
                           2    0.8571     -2.06
                           3    1.2857     -1.23
                           4    1.7143     -0.41
                           5    2.1429      0.42
                           6    2.5714      1.25
                           7    3.0000      2.07
                 5
                           0    0.0000     12.34
                           1    0.1909     10.56
                           2    0.3817      8.76
                           3    0.5726      6.95
                           4    0.7634      5.12
                           5    0.9543      3.26
                           6    1.1451      1.39
                           7    1.3360     -0.49
                 6
                           0    0.0000    -10.73
                           1    0.1909     -8.87
                           2    0.3817     -7.05
                           3    0.5726     -5.27
                           4    0.7634     -3.54
                           5    0.9543     -1.85
                                                                           (Cont.)


          -------------------------------------------------------------------------
          >>> FRAMEwork <<< (Version 5.1 Mar 96)
          -------------------------------------------------------------------------
          Author : SCH                                        Job No.:         9003
          Job    : Sample: SAMPLE03.dat                      
          Load   : DL + WL1                                   PAGE   :            4
          -------------------------------------------------------------------------

          Span Moments
          -------------------------------------------------------------------------
            Member   segment   station    Moment
                                   [m]     [kNm]
                           6    1.1451     -0.21
                           7    1.3360      1.39
                 7
                           0    0.0000      9.36
                           1    0.3571      6.86
                           2    0.7143      4.42
                           3    1.0714      2.05
                           4    1.4286     -0.26
                           5    1.7857     -2.50
                           6    2.1429     -4.68
                           7    2.5000     -6.79
                 8
                           0    0.0000     -5.39
                           1    0.3571     -4.34
                           2    0.7143     -3.15
                           3    1.0714     -1.80
                           4    1.4286     -0.30
                           5    1.7857      1.36
                           6    2.1429      3.16
                           7    2.5000      5.12
                 9
                           0    0.0000     -4.29
                           1    0.4345     -3.75
                           2    0.8690     -2.85
                           3    1.3034     -1.62
                           4    1.7379     -0.03
                           5    2.1724      1.89
                           6    2.6069      4.17
                           7    3.0414      6.79
                10
                           0    0.0000      3.46
                           1    0.4345      2.98
                           2    0.8690      2.25
                           3    1.3034      1.28
                           4    1.7379      0.05
                           5    2.1724     -1.43
                           6    2.6069     -3.15
                           7    3.0414     -5.12
          -------------------------------------------------------------------------
