fprint_Controls ...
11 10 1 1 4 0 8 0 12

fprintDeltas ...
   1   0.0000   0.0000   0.0000
   2  -0.0082  -0.0002  -0.0033
   3  -0.0011  -0.0378   0.0010
   4   0.0060  -0.0002   0.0023
   5   0.0000   0.0000   0.0000
   6  -0.0078  -0.0002   0.0020
   7   0.0053  -0.0001  -0.0016
   8   0.0000   0.0000   0.0000
   9  -0.0076  -0.0001   0.0017
  10   0.0000   0.0000   0.0000
  11   0.0052  -0.0001  -0.0012

fprintEndForces ...
       0    3.000        1          8.1446         -3.2097         -5.8308        6          8.1446         -3.2097          3.7983
       1    6.017        2         11.0709          8.1271         12.3356        3         11.0709         -2.8777         -3.4570
       2    6.017        3         11.3261          1.6017         -3.4570        4         11.3261         -6.3164         10.7268
       3    3.000        5          6.5241          1.9260          3.7069        7          6.5241          1.9260         -2.0710
       4    1.336        2         10.1405         -9.2620        -12.3356        6         10.1405         -9.9447          0.4945
       5    1.336        4          8.4150          9.8674         10.7268        7          8.4150          8.2762         -1.3931
       6    2.500        8          7.4829         -7.0980         -9.3615        9          7.4829         -5.8205          6.7866
       7    2.500       10          5.8389          2.7147          5.3887       11          5.8389          5.6922         -5.1200
       8    3.041        6          6.9715          0.8615          4.2928        9          6.9715          6.4242         -6.7866
       9    3.041        7          6.5747         -0.8212         -3.4641       11          6.5747         -4.8236          5.1200

fprintReactions ...
        -3.2097        -8.1446         5.8308
         1.9260        -6.5241        -3.7069
        -7.0980        -7.4829         9.3615
         2.7147        -5.8389        -5.3887
fprint_Reaction_Sum ...
        -5.6670        -27.9905

fprint_Section_Details ...
       0       32 <>   C25019

fprintSpanMoments ...
       0        0        0          5.8308
       0        1    0.429          4.4552
       0        2    0.857          3.0797
       0        3    1.286          1.7041
       0        4    1.714          0.3285
       0        5    2.143         -1.0471
       0        6    2.571         -2.4227
       0        7        3         -3.7983

       1        0        0        -12.3356
       1        1     0.86         -6.0256
       1        2    1.719         -1.0669
       1        3    2.579          2.5405
       1        4    3.438          4.7966
       1        5    4.298          5.7014
       1        6    5.157          5.2549
       1        7    6.017          3.4570

       2        0        0          3.4570
       2        1     0.86          4.3476
       2        2    1.719          4.2660
       2        3    2.579          3.2120
       2        4    3.438          1.1857
       2        5    4.298         -1.8128
       2        6    5.157         -5.7837
       2        7    6.017        -10.7268

       3        0        0         -3.7069
       3        1    0.429         -2.8815
       3        2    0.857         -2.0561
       3        3    1.286         -1.2307
       3        4    1.714         -0.4053
       3        5    2.143          0.4202
       3        6    2.571          1.2456
       3        7        3          2.0710

       4        0        0         12.3356
       4        1    0.191         10.5586
       4        2    0.382          8.7630
       4        3    0.573          6.9487
       4        4    0.763          5.1158
       4        5    0.954          3.2643
       4        6    1.145          1.3942
       4        7    1.336         -0.4945

       5        0        0        -10.7268
       5        1    0.191         -8.8652
       5        2    0.382         -7.0470
       5        3    0.573         -5.2722
       5        4    0.763         -3.5408
       5        5    0.954         -1.8528
       5        6    1.145         -0.2082
       5        7    1.336          1.3931

       6        0        0          9.3615
       6        1    0.357          6.8591
       6        2    0.714          4.4219
       6        3    1.071          2.0498
       6        4    1.429         -0.2571
       6        5    1.786         -2.4988
       6        6    2.143         -4.6753
       6        7      2.5         -6.7866

       7        0        0         -5.3887
       7        1    0.357         -4.3432
       7        2    0.714         -3.1458
       7        3    1.071         -1.7965
       7        4    1.429         -0.2952
       7        5    1.786          1.3579
       7        6    2.143          3.1630
       7        7      2.5          5.1200

       8        0        0         -4.2928
       8        1    0.434         -3.7458
       8        2    0.869         -2.8536
       8        3    1.303         -1.6161
       8        4    1.738         -0.0333
       8        5    2.172          1.8947
       8        6    2.607          4.1680
       8        7    3.041          6.7866

       9        0        0          3.4641
       9        1    0.434          2.9831
       9        2    0.869          2.2537
       9        3    1.303          1.2758
       9        4    1.738          0.0495
       9        5    2.172         -1.4252
       9        6    2.607         -3.1484
       9        7    3.041         -5.1200


