fprint_Controls ...
11 10 1 1 4 0 8 0 12

fprintDeltas ...
   1   0.0000   0.0000   0.0000
   2  -0.0082  -0.0002  -0.0033
   3  -0.0011  -0.0378   0.0010
   4   0.0060  -0.0002   0.0023
   5   0.0000   0.0000   0.0000
   6  -0.0078  -0.0002   0.0020
   7   0.0053  -0.0001  -0.0016
   8   0.0000   0.0000   0.0000
   9  -0.0076  -0.0001   0.0017
  10   0.0000   0.0000   0.0000
  11   0.0052   0.0000  -0.0012

fprintEndForces ...
       0    3.000        1          8.1446         -3.2097         -5.8308        6          8.1446         -3.2097          3.7983
       1    6.017        2         11.0709          8.1271         12.3356        3         11.0709         -2.8777         -3.4570
       2    6.017        3         11.3261          1.6017         -3.4570        4         11.3261         -6.3164         10.7268
       3    3.000        5          6.5241          1.9260          3.7069        7          6.5241          1.9260         -2.0710
       4    1.336        2         10.1405         -9.2620        -12.3356        6         10.1405         -9.9447          0.4945
       5    1.336        4          8.4150          9.8674         10.7268        7          8.4150          8.2762         -1.3931
       6    2.500        8          7.4829         -7.0980         -9.3615        9          7.4829         -5.8205          6.7866
       7    2.500       10          5.8389          2.7147          5.3887       11          5.8389          5.6922         -5.1200
       8    3.041        6          6.9715          0.8615          4.2928        9          6.9715          6.4242         -6.7866
       9    3.041        7          6.5747         -0.8212         -3.4641       11          6.5747         -4.8236          5.1200

fprintReactions ...
        -3.2097        -8.1446         5.8308
         1.9260        -6.5241        -3.7069
        -7.0980        -7.4829         9.3615
         2.7147        -5.8389        -5.3887
fprint_Reaction_Sum ...
        -5.6670        -27.9905


fprint_Section_Details ...
       0   31.788 <>   C25019

fprintSpanMoments ...
       0        0    0.000          5.8308
       0        1    0.300          4.8679
       0        2    0.600          3.9050
       0        3    0.900          2.9421
       0        4    1.200          1.9792
       0        5    1.500          1.0163
       0        6    1.800          0.0534
       0        7    2.100         -0.9096
       0        8    2.400         -1.8725
       0        9    2.700         -2.8354
       0       10    3.000         -3.7983

       1        0    0.000        -12.3356
       1        1    0.602         -7.7767
       1        2    1.203         -3.8800
       1        3    1.805         -0.6453
       1        4    2.407          1.9271
       1        5    3.008          3.8375
       1        6    3.610          5.0857
       1        7    4.212          5.6717
       1        8    4.813          5.5956
       1        9    5.415          4.8574
       1       10    6.017          3.4570

       2        0    0.000          3.4570
       2        1    0.602          4.1826
       2        2    1.203          4.4317
       2        3    1.805          4.2043
       2        4    2.407          3.5006
       2        5    3.008          2.3204
       2        6    3.610          0.6638
       2        7    4.212         -1.4692
       2        8    4.813         -4.0786
       2        9    5.415         -7.1645
       2       10    6.017        -10.7268

       3        0    0.000         -3.7069
       3        1    0.300         -3.1291
       3        2    0.600         -2.5513
       3        3    0.900         -1.9736
       3        4    1.200         -1.3958
       3        5    1.500         -0.8180
       3        6    1.800         -0.2402
       3        7    2.100          0.3376
       3        8    2.400          0.9154
       3        9    2.700          1.4932
       3       10    3.000          2.0710

       4        0    0.000         12.3356
       4        1    0.134         11.0937
       4        2    0.267          9.8426
       4        3    0.401          8.5824
       4        4    0.534          7.3130
       4        5    0.668          6.0346
       4        6    0.802          4.7470
       4        7    0.935          3.4503
       4        8    1.069          2.1445
       4        9    1.202          0.8296
       4       10    1.336         -0.4945

       5        0    0.000        -10.7268
       5        1    0.134         -9.4191
       5        2    0.267         -8.1327
       5        3    0.401         -6.8676
       5        4    0.534         -5.6237
       5        5    0.668         -4.4011
       5        6    0.802         -3.1998
       5        7    0.935         -2.0197
       5        8    1.069         -0.8608
       5        9    1.202          0.2768
       5       10    1.336          1.3931

       6        0    0.000          9.3615
       6        1    0.250          7.6030
       6        2    0.500          5.8764
       6        3    0.750          4.1817
       6        4    1.000          2.5190
       6        5    1.250          0.8882
       6        6    1.500         -0.7106
       6        7    1.750         -2.2775
       6        8    2.000         -3.8125
       6        9    2.250         -5.3155
       6       10    2.500         -6.7866

       7        0    0.000         -5.3887
       7        1    0.250         -4.6728
       7        2    0.500         -3.8825
       7        3    0.750         -3.0177
       7        4    1.000         -2.0785
       7        5    1.250         -1.0649
       7        6    1.500          0.0232
       7        7    1.750          1.1858
       7        8    2.000          2.4227
       7        9    2.250          3.7341
       7       10    2.500          5.1200

       8        0    0.000         -4.2928
       8        1    0.304         -3.9462
       8        2    0.608         -3.4304
       8        3    0.912         -2.7454
       8        4    1.217         -1.8912
       8        5    1.521         -0.8679
       8        6    1.825          0.3247
       8        7    2.129          1.6864
       8        8    2.433          3.2173
       8        9    2.737          4.9174
       8       10    3.041          6.7866

       9        0    0.000          3.4641
       9        1    0.304          3.1535
       9        2    0.608          2.7211
       9        3    0.912          2.1670
       9        4    1.217          1.4912
       9        5    1.521          0.6937
       9        6    1.825         -0.2256
       9        7    2.129         -1.2666
       9        8    2.433         -2.4293
       9        9    2.737         -3.7138
       9       10    3.041         -5.1200


