fprintControls ...
     5      4      1      1      2      0      4      0      6
fprintDeltas ...
   1         -0.0000         -0.0000        -0.00000
   2         -0.0191         -0.0003        -0.00461
   3         -0.0086         -0.0543         0.00039
   4          0.0020         -0.0002         0.00615
   5         -0.0000         -0.0000        -0.00000

fprintEndForces ...
       0        4.336        1       10.299       -7.608      -13.279        2       10.299       -5.392       14.905
       1        6.017        2        7.307        9.042       14.905        3        7.307       -1.963       -6.390
       2        6.017        3        7.500        0.998       -6.390        4        7.500       -6.920       11.424
       3        4.336        4        8.256        5.998       11.424        5        8.256        0.833       -3.386

fprintReactions ...
         -7.608        -10.299         13.279
          0.833         -8.256         -3.386
fprintReaction_Sum ...
        -6.7745        -18.5555

fprintSection_Details ...
       0       20.706 <>    25019
fprintSpanMoments ...
       0        0       0.0000           13.28
       0        1       0.6194            8.66
       0        2       1.2389            4.25
       0        3       1.8583            0.02
       0        4       2.4777           -4.00
       0        5       3.0971           -7.83
       0        6       3.7166          -11.47
       0        7       4.3360          -14.90

       1        0       0.0000          -14.90
       1        1       0.8595           -7.81
       1        2       1.7191           -2.06
       1        3       2.5786            2.33
       1        4       3.4382            5.37
       1        5       4.2977            7.06
       1        6       5.1573            7.40
       1        7       6.0168            6.39

       2        0       0.0000            6.39
       2        1       0.8595            6.76
       2        2       1.7191            6.16
       2        3       2.5786            4.59
       2        4       3.4382            2.04
       2        5       4.2977           -1.47
       2        6       5.1573           -5.96
       2        7       6.0168          -11.42

       3        0       0.0000          -11.42
       3        1       0.6194           -7.94
       3        2       1.2389           -4.91
       3        3       1.8583           -2.33
       3        4       2.4777           -0.22
       3        5       3.0971            1.44
       3        6       3.7166            2.64
       3        7       4.3360            3.39


