fprintControls ...
    11     10      1      1      4      0      8      0     12

fprintDeltas ...
   1   0.0000   0.0000  0.00000
   2  -0.0082  -0.0002 -0.00327
   3  -0.0011  -0.0378  0.00101
   4   0.0060  -0.0002  0.00234
   5   0.0000   0.0000  0.00000
   6  -0.0078  -0.0002  0.00201
   7   0.0053  -0.0001 -0.00162
   8   0.0000   0.0000  0.00000
   9  -0.0076  -0.0001  0.00168
  10   0.0000   0.0000  0.00000
  11   0.0052  -0.0001 -0.00124

fprintEndForces ...
       0    3.000        1           8.145          -3.210          -5.831        6           8.145          -3.210           3.798
       1    6.017        2          11.071           8.127          12.336        3          11.071          -2.878          -3.457
       2    6.017        3          11.326           1.602          -3.457        4          11.326          -6.316          10.727
       3    3.000        5           6.524           1.926           3.707        7           6.524           1.926          -2.071
       4    1.336        2          10.141          -9.262         -12.336        6          10.141          -9.945           0.494
       5    1.336        4           8.415           9.867          10.727        7           8.415           8.276          -1.393
       6    2.500        8           7.483          -7.098          -9.362        9           7.483          -5.821           6.787
       7    2.500       10           5.839           2.715           5.389       11           5.839           5.692          -5.120
       8    3.041        6           6.972           0.862           4.293        9           6.972           6.424          -6.787
       9    3.041        7           6.575          -0.821          -3.464       11           6.575          -4.824           5.120

fprintReactions ...
         -3.210         -8.145          5.831
          1.926         -6.524         -3.707
         -7.098         -7.483          9.362
          2.715         -5.839         -5.389
fprintReaction_Sum ...
         -5.667         -27.991


fprintSection_Details ...
       0   31.788 <>    25019

fprintSpanMoments ...
       0        0    0.000            5.83
       0        1    0.300            4.87
       0        2    0.600            3.91
       0        3    0.900            2.94
       0        4    1.200            1.98
       0        5    1.500            1.02
       0        6    1.800            0.05
       0        7    2.100           -0.91
       0        8    2.400           -1.87
       0        9    2.700           -2.84
       0       10    3.000           -3.80

       1        0    0.000          -12.34
       1        1    0.602           -7.78
       1        2    1.203           -3.88
       1        3    1.805           -0.65
       1        4    2.407            1.93
       1        5    3.008            3.84
       1        6    3.610            5.09
       1        7    4.212            5.67
       1        8    4.813            5.60
       1        9    5.415            4.86
       1       10    6.017            3.46

       2        0    0.000            3.46
       2        1    0.602            4.18
       2        2    1.203            4.43
       2        3    1.805            4.20
       2        4    2.407            3.50
       2        5    3.008            2.32
       2        6    3.610            0.66
       2        7    4.212           -1.47
       2        8    4.813           -4.08
       2        9    5.415           -7.16
       2       10    6.017          -10.73

       3        0    0.000           -3.71
       3        1    0.300           -3.13
       3        2    0.600           -2.55
       3        3    0.900           -1.97
       3        4    1.200           -1.40
       3        5    1.500           -0.82
       3        6    1.800           -0.24
       3        7    2.100            0.34
       3        8    2.400            0.92
       3        9    2.700            1.49
       3       10    3.000            2.07

       4        0    0.000           12.34
       4        1    0.134           11.09
       4        2    0.267            9.84
       4        3    0.401            8.58
       4        4    0.534            7.31
       4        5    0.668            6.03
       4        6    0.802            4.75
       4        7    0.935            3.45
       4        8    1.069            2.14
       4        9    1.202            0.83
       4       10    1.336           -0.49

       5        0    0.000          -10.73
       5        1    0.134           -9.42
       5        2    0.267           -8.13
       5        3    0.401           -6.87
       5        4    0.534           -5.62
       5        5    0.668           -4.40
       5        6    0.802           -3.20
       5        7    0.935           -2.02
       5        8    1.069           -0.86
       5        9    1.202            0.28
       5       10    1.336            1.39

       6        0    0.000            9.36
       6        1    0.250            7.60
       6        2    0.500            5.88
       6        3    0.750            4.18
       6        4    1.000            2.52
       6        5    1.250            0.89
       6        6    1.500           -0.71
       6        7    1.750           -2.28
       6        8    2.000           -3.81
       6        9    2.250           -5.32
       6       10    2.500           -6.79

       7        0    0.000           -5.39
       7        1    0.250           -4.67
       7        2    0.500           -3.88
       7        3    0.750           -3.02
       7        4    1.000           -2.08
       7        5    1.250           -1.06
       7        6    1.500            0.02
       7        7    1.750            1.19
       7        8    2.000            2.42
       7        9    2.250            3.73
       7       10    2.500            5.12

       8        0    0.000           -4.29
       8        1    0.304           -3.95
       8        2    0.608           -3.43
       8        3    0.912           -2.75
       8        4    1.217           -1.89
       8        5    1.521           -0.87
       8        6    1.825            0.32
       8        7    2.129            1.69
       8        8    2.433            3.22
       8        9    2.737            4.92
       8       10    3.041            6.79

       9        0    0.000            3.46
       9        1    0.304            3.15
       9        2    0.608            2.72
       9        3    0.912            2.17
       9        4    1.217            1.49
       9        5    1.521            0.69
       9        6    1.825           -0.23
       9        7    2.129           -1.27
       9        8    2.433           -2.43
       9        9    2.737           -3.71
       9       10    3.041           -5.12


