fprintControls ...
     5      4      1      1      2      0      4      0      6

fprintDeltas ...
   1   0.0000   0.0000  0.00000
   2  -0.0191  -0.0003 -0.00461
   3  -0.0086  -0.0543  0.00039
   4   0.0020  -0.0002  0.00615
   5   0.0000   0.0000  0.00000

fprintEndForces ...
       0    4.336        1          10.299          -7.608         -13.279        2          10.299          -5.392          14.905
       1    6.017        2           7.307           9.042          14.905        3           7.307          -1.963          -6.390
       2    6.017        3           7.500           0.998          -6.390        4           7.500          -6.920          11.424
       3    4.336        4           8.256           5.998          11.424        5           8.256           0.833          -3.386

fprintReactions ...
         -7.608        -10.299         13.279
          0.833         -8.256         -3.386
fprintReaction_Sum ...
         -6.775         -18.556


fprintSection_Details ...
       0   20.706 <>    25019

fprintSpanMoments ...
       0        0    0.000           13.28
       0        1    0.434           10.03
       0        2    0.867            6.87
       0        3    1.301            3.82
       0        4    1.734            0.85
       0        5    2.168           -2.01
       0        6    2.602           -4.78
       0        7    3.035           -7.46
       0        8    3.469          -10.04
       0        9    3.902          -12.52
       0       10    4.336          -14.90

       1        0    0.000          -14.90
       1        1    0.602           -9.80
       1        2    1.203           -5.35
       1        3    1.805           -1.56
       1        4    2.407            1.56
       1        5    3.008            4.02
       1        6    3.610            5.82
       1        7    4.212            6.95
       1        8    4.813            7.43
       1        9    5.415            7.24
       1       10    6.017            6.39

       2        0    0.000            6.39
       2        1    0.602            6.75
       2        2    1.203            6.64
       2        3    1.805            6.05
       2        4    2.407            4.98
       2        5    3.008            3.44
       2        6    3.610            1.42
       2        7    4.212           -1.08
       2        8    4.813           -4.05
       2        9    5.415           -7.50
       2       10    6.017          -11.42

       3        0    0.000          -11.42
       3        1    0.434           -8.94
       3        2    0.867           -6.67
       3        3    1.301           -4.63
       3        4    1.734           -2.81
       3        5    2.168           -1.22
       3        6    2.602            0.15
       3        7    3.035            1.29
       3        8    3.469            2.22
       3        9    3.902            2.91
       3       10    4.336            3.39


